[main bfc3486a] chore: stop tracking .next folder
 110 files changed, 12029 deletions(-)
 delete mode 100644 ad-frontend/.next/app-build-manifest.json
 delete mode 100644 ad-frontend/.next/build-manifest.json
 delete mode 100644 ad-frontend/.next/cache/.tsbuildinfo
 delete mode 100644 ad-frontend/.next/cache/webpack/client-development-fallback/0.pack.gz
 delete mode 100644 ad-frontend/.next/cache/webpack/client-development-fallback/index.pack.gz
 delete mode 100644 ad-frontend/.next/cache/webpack/client-development/0.pack.gz
 delete mode 100644 ad-frontend/.next/cache/webpack/client-development/1.pack.gz
 delete mode 100644 ad-frontend/.next/cache/webpack/client-development/10.pack.gz
 delete mode 100644 ad-frontend/.next/cache/webpack/client-development/2.pack.gz
 delete mode 100644 ad-frontend/.next/cache/webpack/client-development/3.pack.gz
 delete mode 100644 ad-frontend/.next/cache/webpack/client-development/4.pack.gz
 delete mode 100644 ad-frontend/.next/cache/webpack/client-development/5.pack.gz
 delete mode 100644 ad-frontend/.next/cache/webpack/client-development/6.pack.gz
 delete mode 100644 ad-frontend/.next/cache/webpack/client-development/7.pack.gz
 delete mode 100644 ad-frontend/.next/cache/webpack/client-development/8.pack.gz
 delete mode 100644 ad-frontend/.next/cache/webpack/client-development/9.pack.gz
 delete mode 100644 ad-frontend/.next/cache/webpack/client-development/index.pack.gz
 delete mode 100644 ad-frontend/.next/cache/webpack/client-development/index.pack.gz.old
 delete mode 100644 ad-frontend/.next/cache/webpack/client-production/0.pack
 delete mode 100644 ad-frontend/.next/cache/webpack/client-production/index.pack
 delete mode 100644 ad-frontend/.next/cache/webpack/server-development/0.pack.gz
 delete mode 100644 ad-frontend/.next/cache/webpack/server-development/1.pack.gz
 delete mode 100644 ad-frontend/.next/cache/webpack/server-development/2.pack.gz
 delete mode 100644 ad-frontend/.next/cache/webpack/server-development/3.pack.gz
 delete mode 100644 ad-frontend/.next/cache/webpack/server-development/4.pack.gz
 delete mode 100644 ad-frontend/.next/cache/webpack/server-development/5.pack.gz
 delete mode 100644 ad-frontend/.next/cache/webpack/server-development/6.pack.gz
 delete mode 100644 ad-frontend/.next/cache/webpack/server-development/7.pack.gz
 delete mode 100644 ad-frontend/.next/cache/webpack/server-development/index.pack.gz
 delete mode 100644 ad-frontend/.next/cache/webpack/server-development/index.pack.gz.old
 delete mode 100644 ad-frontend/.next/cache/webpack/server-production/0.pack
 delete mode 100644 ad-frontend/.next/cache/webpack/server-production/index.pack
 delete mode 100644 ad-frontend/.next/package.json
 delete mode 100644 ad-frontend/.next/react-loadable-manifest.json
 delete mode 100644 ad-frontend/.next/server/app-paths-manifest.json
 delete mode 100644 ad-frontend/.next/server/app/_not-found_client-reference-manifest.js
 delete mode 100644 ad-frontend/.next/server/app/demo/page.js
 delete mode 100644 ad-frontend/.next/server/app/demo/page_client-reference-manifest.js
 delete mode 100644 ad-frontend/.next/server/app/not-found.js
 delete mode 100644 ad-frontend/.next/server/app/not-found_client-reference-manifest.js
 delete mode 100644 ad-frontend/.next/server/app/page.js
 delete mode 100644 ad-frontend/.next/server/app/page_client-reference-manifest.js
 delete mode 100644 ad-frontend/.next/server/middleware-build-manifest.js
 delete mode 100644 ad-frontend/.next/server/middleware-manifest.json
 delete mode 100644 ad-frontend/.next/server/middleware-react-loadable-manifest.js
 delete mode 100644 ad-frontend/.next/server/next-font-manifest.js
 delete mode 100644 ad-frontend/.next/server/next-font-manifest.json
 delete mode 100644 ad-frontend/.next/server/pages-manifest.json
 delete mode 100644 ad-frontend/.next/server/server-reference-manifest.js
 delete mode 100644 ad-frontend/.next/server/server-reference-manifest.json
 delete mode 100644 ad-frontend/.next/server/vendor-chunks/@swc.js
 delete mode 100644 ad-frontend/.next/server/vendor-chunks/asynckit.js
 delete mode 100644 ad-frontend/.next/server/vendor-chunks/axios.js
 delete mode 100644 ad-frontend/.next/server/vendor-chunks/call-bind-apply-helpers.js
 delete mode 100644 ad-frontend/.next/server/vendor-chunks/combined-stream.js
 delete mode 100644 ad-frontend/.next/server/vendor-chunks/debug.js
 delete mode 100644 ad-frontend/.next/server/vendor-chunks/delayed-stream.js
 delete mode 100644 ad-frontend/.next/server/vendor-chunks/dunder-proto.js
 delete mode 100644 ad-frontend/.next/server/vendor-chunks/es-define-property.js
 delete mode 100644 ad-frontend/.next/server/vendor-chunks/es-errors.js
 delete mode 100644 ad-frontend/.next/server/vendor-chunks/es-object-atoms.js
 delete mode 100644 ad-frontend/.next/server/vendor-chunks/es-set-tostringtag.js
 delete mode 100644 ad-frontend/.next/server/vendor-chunks/follow-redirects.js
 delete mode 100644 ad-frontend/.next/server/vendor-chunks/form-data.js
 delete mode 100644 ad-frontend/.next/server/vendor-chunks/function-bind.js
 delete mode 100644 ad-frontend/.next/server/vendor-chunks/get-intrinsic.js
 delete mode 100644 ad-frontend/.next/server/vendor-chunks/get-proto.js
 delete mode 100644 ad-frontend/.next/server/vendor-chunks/gopd.js
 delete mode 100644 ad-frontend/.next/server/vendor-chunks/has-flag.js
 delete mode 100644 ad-frontend/.next/server/vendor-chunks/has-symbols.js
 delete mode 100644 ad-frontend/.next/server/vendor-chunks/has-tostringtag.js
 delete mode 100644 ad-frontend/.next/server/vendor-chunks/hasown.js
 delete mode 100644 ad-frontend/.next/server/vendor-chunks/lucide-react.js
 delete mode 100644 ad-frontend/.next/server/vendor-chunks/math-intrinsics.js
 delete mode 100644 ad-frontend/.next/server/vendor-chunks/mime-db.js
 delete mode 100644 ad-frontend/.next/server/vendor-chunks/mime-types.js
 delete mode 100644 ad-frontend/.next/server/vendor-chunks/ms.js
 delete mode 100644 ad-frontend/.next/server/vendor-chunks/next.js
 delete mode 100644 ad-frontend/.next/server/vendor-chunks/proxy-from-env.js
 delete mode 100644 ad-frontend/.next/server/vendor-chunks/supports-color.js
 delete mode 100644 ad-frontend/.next/server/webpack-runtime.js
 delete mode 100644 ad-frontend/.next/static/chunks/app-pages-internals.js
 delete mode 100644 ad-frontend/.next/static/chunks/app/demo/page.js
 delete mode 100644 ad-frontend/.next/static/chunks/app/layout.js
 delete mode 100644 ad-frontend/.next/static/chunks/app/not-found.js
 delete mode 100644 ad-frontend/.next/static/chunks/app/page.js
 delete mode 100644 ad-frontend/.next/static/chunks/main-app.js
 delete mode 100644 ad-frontend/.next/static/chunks/polyfills.js
 delete mode 100644 ad-frontend/.next/static/chunks/webpack.js
 delete mode 100644 ad-frontend/.next/static/css/app/layout.css
 delete mode 100644 ad-frontend/.next/static/development/_buildManifest.js
 delete mode 100644 ad-frontend/.next/static/development/_ssgManifest.js
 delete mode 100644 ad-frontend/.next/static/media/19cfc7226ec3afaa-s.woff2
 delete mode 100644 ad-frontend/.next/static/media/21350d82a1f187e9-s.woff2
 delete mode 100644 ad-frontend/.next/static/media/8e9860b6e62d6359-s.woff2
 delete mode 100644 ad-frontend/.next/static/media/ba9851c3c22cd980-s.woff2
 delete mode 100644 ad-frontend/.next/static/media/c5fe6dc8356a8c31-s.woff2
 delete mode 100644 ad-frontend/.next/static/media/df0a9ae256c0569c-s.woff2
 delete mode 100644 ad-frontend/.next/static/media/e4af272ccee01ff0-s.p.woff2
 delete mode 100644 ad-frontend/.next/static/webpack/57c18d780942f93b.webpack.hot-update.json
 delete mode 100644 ad-frontend/.next/static/webpack/633457081244afec._.hot-update.json
 delete mode 100644 ad-frontend/.next/static/webpack/app/layout.57c18d780942f93b.hot-update.js
 delete mode 100644 ad-frontend/.next/static/webpack/e25bb71bd486038f.webpack.hot-update.json
 delete mode 100644 ad-frontend/.next/static/webpack/webpack.57c18d780942f93b.hot-update.js
 delete mode 100644 ad-frontend/.next/static/webpack/webpack.e25bb71bd486038f.hot-update.js
 delete mode 100644 ad-frontend/.next/trace
 delete mode 100644 ad-frontend/.next/types/app/demo/page.ts
 delete mode 100644 ad-frontend/.next/types/app/layout.ts
 delete mode 100644 ad-frontend/.next/types/app/page.ts
 delete mode 100644 ad-frontend/.next/types/package.json
