[main 7363a24e] chore: install frontend dependencies and update gitignore
 131 files changed, 18447 insertions(+), 3 deletions(-)
 create mode 100644 ad-frontend/.next/app-build-manifest.json
 create mode 100644 ad-frontend/.next/build-manifest.json
 create mode 100644 ad-frontend/.next/cache/.tsbuildinfo
 create mode 100644 ad-frontend/.next/cache/webpack/client-development-fallback/0.pack.gz
 create mode 100644 ad-frontend/.next/cache/webpack/client-development-fallback/index.pack.gz
 create mode 100644 ad-frontend/.next/cache/webpack/client-development/0.pack.gz
 create mode 100644 ad-frontend/.next/cache/webpack/client-development/1.pack.gz
 create mode 100644 ad-frontend/.next/cache/webpack/client-development/10.pack.gz
 create mode 100644 ad-frontend/.next/cache/webpack/client-development/2.pack.gz
 create mode 100644 ad-frontend/.next/cache/webpack/client-development/3.pack.gz
 create mode 100644 ad-frontend/.next/cache/webpack/client-development/4.pack.gz
 create mode 100644 ad-frontend/.next/cache/webpack/client-development/5.pack.gz
 create mode 100644 ad-frontend/.next/cache/webpack/client-development/6.pack.gz
 create mode 100644 ad-frontend/.next/cache/webpack/client-development/7.pack.gz
 create mode 100644 ad-frontend/.next/cache/webpack/client-development/8.pack.gz
 create mode 100644 ad-frontend/.next/cache/webpack/client-development/9.pack.gz
 create mode 100644 ad-frontend/.next/cache/webpack/client-development/index.pack.gz
 create mode 100644 ad-frontend/.next/cache/webpack/client-development/index.pack.gz.old
 create mode 100644 ad-frontend/.next/cache/webpack/client-production/0.pack
 create mode 100644 ad-frontend/.next/cache/webpack/client-production/index.pack
 create mode 100644 ad-frontend/.next/cache/webpack/server-development/0.pack.gz
 create mode 100644 ad-frontend/.next/cache/webpack/server-development/1.pack.gz
 create mode 100644 ad-frontend/.next/cache/webpack/server-development/2.pack.gz
 create mode 100644 ad-frontend/.next/cache/webpack/server-development/3.pack.gz
 create mode 100644 ad-frontend/.next/cache/webpack/server-development/4.pack.gz
 create mode 100644 ad-frontend/.next/cache/webpack/server-development/5.pack.gz
 create mode 100644 ad-frontend/.next/cache/webpack/server-development/6.pack.gz
 create mode 100644 ad-frontend/.next/cache/webpack/server-development/7.pack.gz
 create mode 100644 ad-frontend/.next/cache/webpack/server-development/index.pack.gz
 create mode 100644 ad-frontend/.next/cache/webpack/server-development/index.pack.gz.old
 create mode 100644 ad-frontend/.next/cache/webpack/server-production/0.pack
 create mode 100644 ad-frontend/.next/cache/webpack/server-production/index.pack
 create mode 100644 ad-frontend/.next/package.json
 create mode 100644 ad-frontend/.next/react-loadable-manifest.json
 create mode 100644 ad-frontend/.next/server/app-paths-manifest.json
 create mode 100644 ad-frontend/.next/server/app/_not-found_client-reference-manifest.js
 create mode 100644 ad-frontend/.next/server/app/demo/page.js
 create mode 100644 ad-frontend/.next/server/app/demo/page_client-reference-manifest.js
 create mode 100644 ad-frontend/.next/server/app/not-found.js
 create mode 100644 ad-frontend/.next/server/app/not-found_client-reference-manifest.js
 create mode 100644 ad-frontend/.next/server/app/page.js
 create mode 100644 ad-frontend/.next/server/app/page_client-reference-manifest.js
 create mode 100644 ad-frontend/.next/server/middleware-build-manifest.js
 create mode 100644 ad-frontend/.next/server/middleware-manifest.json
 create mode 100644 ad-frontend/.next/server/middleware-react-loadable-manifest.js
 create mode 100644 ad-frontend/.next/server/next-font-manifest.js
 create mode 100644 ad-frontend/.next/server/next-font-manifest.json
 create mode 100644 ad-frontend/.next/server/pages-manifest.json
 create mode 100644 ad-frontend/.next/server/server-reference-manifest.js
 create mode 100644 ad-frontend/.next/server/server-reference-manifest.json
 create mode 100644 ad-frontend/.next/server/vendor-chunks/@swc.js
 create mode 100644 ad-frontend/.next/server/vendor-chunks/asynckit.js
 create mode 100644 ad-frontend/.next/server/vendor-chunks/axios.js
 create mode 100644 ad-frontend/.next/server/vendor-chunks/call-bind-apply-helpers.js
 create mode 100644 ad-frontend/.next/server/vendor-chunks/combined-stream.js
 create mode 100644 ad-frontend/.next/server/vendor-chunks/debug.js
 create mode 100644 ad-frontend/.next/server/vendor-chunks/delayed-stream.js
 create mode 100644 ad-frontend/.next/server/vendor-chunks/dunder-proto.js
 create mode 100644 ad-frontend/.next/server/vendor-chunks/es-define-property.js
 create mode 100644 ad-frontend/.next/server/vendor-chunks/es-errors.js
 create mode 100644 ad-frontend/.next/server/vendor-chunks/es-object-atoms.js
 create mode 100644 ad-frontend/.next/server/vendor-chunks/es-set-tostringtag.js
 create mode 100644 ad-frontend/.next/server/vendor-chunks/follow-redirects.js
 create mode 100644 ad-frontend/.next/server/vendor-chunks/form-data.js
 create mode 100644 ad-frontend/.next/server/vendor-chunks/function-bind.js
 create mode 100644 ad-frontend/.next/server/vendor-chunks/get-intrinsic.js
 create mode 100644 ad-frontend/.next/server/vendor-chunks/get-proto.js
 create mode 100644 ad-frontend/.next/server/vendor-chunks/gopd.js
 create mode 100644 ad-frontend/.next/server/vendor-chunks/has-flag.js
 create mode 100644 ad-frontend/.next/server/vendor-chunks/has-symbols.js
 create mode 100644 ad-frontend/.next/server/vendor-chunks/has-tostringtag.js
 create mode 100644 ad-frontend/.next/server/vendor-chunks/hasown.js
 create mode 100644 ad-frontend/.next/server/vendor-chunks/lucide-react.js
 create mode 100644 ad-frontend/.next/server/vendor-chunks/math-intrinsics.js
 create mode 100644 ad-frontend/.next/server/vendor-chunks/mime-db.js
 create mode 100644 ad-frontend/.next/server/vendor-chunks/mime-types.js
 create mode 100644 ad-frontend/.next/server/vendor-chunks/ms.js
 create mode 100644 ad-frontend/.next/server/vendor-chunks/next.js
 create mode 100644 ad-frontend/.next/server/vendor-chunks/proxy-from-env.js
 create mode 100644 ad-frontend/.next/server/vendor-chunks/supports-color.js
 create mode 100644 ad-frontend/.next/server/webpack-runtime.js
 create mode 100644 ad-frontend/.next/static/chunks/app-pages-internals.js
 create mode 100644 ad-frontend/.next/static/chunks/app/demo/page.js
 create mode 100644 ad-frontend/.next/static/chunks/app/layout.js
 create mode 100644 ad-frontend/.next/static/chunks/app/not-found.js
 create mode 100644 ad-frontend/.next/static/chunks/app/page.js
 create mode 100644 ad-frontend/.next/static/chunks/main-app.js
 create mode 100644 ad-frontend/.next/static/chunks/polyfills.js
 create mode 100644 ad-frontend/.next/static/chunks/webpack.js
 create mode 100644 ad-frontend/.next/static/css/app/layout.css
 create mode 100644 ad-frontend/.next/static/development/_buildManifest.js
 create mode 100644 ad-frontend/.next/static/development/_ssgManifest.js
 create mode 100644 ad-frontend/.next/static/media/19cfc7226ec3afaa-s.woff2
 create mode 100644 ad-frontend/.next/static/media/21350d82a1f187e9-s.woff2
 create mode 100644 ad-frontend/.next/static/media/8e9860b6e62d6359-s.woff2
 create mode 100644 ad-frontend/.next/static/media/ba9851c3c22cd980-s.woff2
 create mode 100644 ad-frontend/.next/static/media/c5fe6dc8356a8c31-s.woff2
 create mode 100644 ad-frontend/.next/static/media/df0a9ae256c0569c-s.woff2
 create mode 100644 ad-frontend/.next/static/media/e4af272ccee01ff0-s.p.woff2
 create mode 100644 ad-frontend/.next/static/webpack/57c18d780942f93b.webpack.hot-update.json
 create mode 100644 ad-frontend/.next/static/webpack/633457081244afec._.hot-update.json
 create mode 100644 ad-frontend/.next/static/webpack/app/layout.57c18d780942f93b.hot-update.js
 create mode 100644 ad-frontend/.next/static/webpack/e25bb71bd486038f.webpack.hot-update.json
 create mode 100644 ad-frontend/.next/static/webpack/webpack.57c18d780942f93b.hot-update.js
 create mode 100644 ad-frontend/.next/static/webpack/webpack.e25bb71bd486038f.hot-update.js
 create mode 100644 ad-frontend/.next/trace
 create mode 100644 ad-frontend/.next/types/app/demo/page.ts
 create mode 100644 ad-frontend/.next/types/app/layout.ts
 create mode 100644 ad-frontend/.next/types/app/page.ts
 create mode 100644 ad-frontend/.next/types/package.json
 create mode 100644 ad-frontend/app/ads/create/page.tsx
 create mode 100644 ad-frontend/app/demo/page.tsx
 create mode 100644 ad-frontend/app/globals.css
 create mode 100644 ad-frontend/app/layout.tsx
 create mode 100644 ad-frontend/app/page.tsx
 create mode 100644 ad-frontend/components/AdCard.tsx
 create mode 100644 ad-frontend/components/Navbar.tsx
 create mode 100644 ad-frontend/next-env.d.ts
 create mode 100644 ad-frontend/next.config.js
 create mode 100644 ad-frontend/package-lock.json
 create mode 100644 ad-frontend/package.json
 create mode 100644 ad-frontend/postcss.config.js
 create mode 100644 ad-frontend/scripts/diagnose_ads.js
 create mode 100644 ad-frontend/scripts/fix_ads.js
 create mode 100644 ad-frontend/tailwind.config.ts
 create mode 100644 ad-frontend/tsconfig.json
