rm 'ad-frontend/.next/app-build-manifest.json'
rm 'ad-frontend/.next/build-manifest.json'
rm 'ad-frontend/.next/cache/.tsbuildinfo'
rm 'ad-frontend/.next/cache/webpack/client-development-fallback/0.pack.gz'
rm 'ad-frontend/.next/cache/webpack/client-development-fallback/index.pack.gz'
rm 'ad-frontend/.next/cache/webpack/client-development/0.pack.gz'
rm 'ad-frontend/.next/cache/webpack/client-development/1.pack.gz'
rm 'ad-frontend/.next/cache/webpack/client-development/10.pack.gz'
rm 'ad-frontend/.next/cache/webpack/client-development/2.pack.gz'
rm 'ad-frontend/.next/cache/webpack/client-development/3.pack.gz'
rm 'ad-frontend/.next/cache/webpack/client-development/4.pack.gz'
rm 'ad-frontend/.next/cache/webpack/client-development/5.pack.gz'
rm 'ad-frontend/.next/cache/webpack/client-development/6.pack.gz'
rm 'ad-frontend/.next/cache/webpack/client-development/7.pack.gz'
rm 'ad-frontend/.next/cache/webpack/client-development/8.pack.gz'
rm 'ad-frontend/.next/cache/webpack/client-development/9.pack.gz'
rm 'ad-frontend/.next/cache/webpack/client-development/index.pack.gz'
rm 'ad-frontend/.next/cache/webpack/client-development/index.pack.gz.old'
rm 'ad-frontend/.next/cache/webpack/client-production/0.pack'
rm 'ad-frontend/.next/cache/webpack/client-production/index.pack'
rm 'ad-frontend/.next/cache/webpack/server-development/0.pack.gz'
rm 'ad-frontend/.next/cache/webpack/server-development/1.pack.gz'
rm 'ad-frontend/.next/cache/webpack/server-development/2.pack.gz'
rm 'ad-frontend/.next/cache/webpack/server-development/3.pack.gz'
rm 'ad-frontend/.next/cache/webpack/server-development/4.pack.gz'
rm 'ad-frontend/.next/cache/webpack/server-development/5.pack.gz'
rm 'ad-frontend/.next/cache/webpack/server-development/6.pack.gz'
rm 'ad-frontend/.next/cache/webpack/server-development/7.pack.gz'
rm 'ad-frontend/.next/cache/webpack/server-development/index.pack.gz'
rm 'ad-frontend/.next/cache/webpack/server-development/index.pack.gz.old'
rm 'ad-frontend/.next/cache/webpack/server-production/0.pack'
rm 'ad-frontend/.next/cache/webpack/server-production/index.pack'
rm 'ad-frontend/.next/package.json'
rm 'ad-frontend/.next/react-loadable-manifest.json'
rm 'ad-frontend/.next/server/app-paths-manifest.json'
rm 'ad-frontend/.next/server/app/_not-found_client-reference-manifest.js'
rm 'ad-frontend/.next/server/app/demo/page.js'
rm 'ad-frontend/.next/server/app/demo/page_client-reference-manifest.js'
rm 'ad-frontend/.next/server/app/not-found.js'
rm 'ad-frontend/.next/server/app/not-found_client-reference-manifest.js'
rm 'ad-frontend/.next/server/app/page.js'
rm 'ad-frontend/.next/server/app/page_client-reference-manifest.js'
rm 'ad-frontend/.next/server/middleware-build-manifest.js'
rm 'ad-frontend/.next/server/middleware-manifest.json'
rm 'ad-frontend/.next/server/middleware-react-loadable-manifest.js'
rm 'ad-frontend/.next/server/next-font-manifest.js'
rm 'ad-frontend/.next/server/next-font-manifest.json'
rm 'ad-frontend/.next/server/pages-manifest.json'
rm 'ad-frontend/.next/server/server-reference-manifest.js'
rm 'ad-frontend/.next/server/server-reference-manifest.json'
rm 'ad-frontend/.next/server/vendor-chunks/@swc.js'
rm 'ad-frontend/.next/server/vendor-chunks/asynckit.js'
rm 'ad-frontend/.next/server/vendor-chunks/axios.js'
rm 'ad-frontend/.next/server/vendor-chunks/call-bind-apply-helpers.js'
rm 'ad-frontend/.next/server/vendor-chunks/combined-stream.js'
rm 'ad-frontend/.next/server/vendor-chunks/debug.js'
rm 'ad-frontend/.next/server/vendor-chunks/delayed-stream.js'
rm 'ad-frontend/.next/server/vendor-chunks/dunder-proto.js'
rm 'ad-frontend/.next/server/vendor-chunks/es-define-property.js'
rm 'ad-frontend/.next/server/vendor-chunks/es-errors.js'
rm 'ad-frontend/.next/server/vendor-chunks/es-object-atoms.js'
rm 'ad-frontend/.next/server/vendor-chunks/es-set-tostringtag.js'
rm 'ad-frontend/.next/server/vendor-chunks/follow-redirects.js'
rm 'ad-frontend/.next/server/vendor-chunks/form-data.js'
rm 'ad-frontend/.next/server/vendor-chunks/function-bind.js'
rm 'ad-frontend/.next/server/vendor-chunks/get-intrinsic.js'
rm 'ad-frontend/.next/server/vendor-chunks/get-proto.js'
rm 'ad-frontend/.next/server/vendor-chunks/gopd.js'
rm 'ad-frontend/.next/server/vendor-chunks/has-flag.js'
rm 'ad-frontend/.next/server/vendor-chunks/has-symbols.js'
rm 'ad-frontend/.next/server/vendor-chunks/has-tostringtag.js'
rm 'ad-frontend/.next/server/vendor-chunks/hasown.js'
rm 'ad-frontend/.next/server/vendor-chunks/lucide-react.js'
rm 'ad-frontend/.next/server/vendor-chunks/math-intrinsics.js'
rm 'ad-frontend/.next/server/vendor-chunks/mime-db.js'
rm 'ad-frontend/.next/server/vendor-chunks/mime-types.js'
rm 'ad-frontend/.next/server/vendor-chunks/ms.js'
rm 'ad-frontend/.next/server/vendor-chunks/next.js'
rm 'ad-frontend/.next/server/vendor-chunks/proxy-from-env.js'
rm 'ad-frontend/.next/server/vendor-chunks/supports-color.js'
rm 'ad-frontend/.next/server/webpack-runtime.js'
rm 'ad-frontend/.next/static/chunks/app-pages-internals.js'
rm 'ad-frontend/.next/static/chunks/app/demo/page.js'
rm 'ad-frontend/.next/static/chunks/app/layout.js'
rm 'ad-frontend/.next/static/chunks/app/not-found.js'
rm 'ad-frontend/.next/static/chunks/app/page.js'
rm 'ad-frontend/.next/static/chunks/main-app.js'
rm 'ad-frontend/.next/static/chunks/polyfills.js'
rm 'ad-frontend/.next/static/chunks/webpack.js'
rm 'ad-frontend/.next/static/css/app/layout.css'
rm 'ad-frontend/.next/static/development/_buildManifest.js'
rm 'ad-frontend/.next/static/development/_ssgManifest.js'
rm 'ad-frontend/.next/static/media/19cfc7226ec3afaa-s.woff2'
rm 'ad-frontend/.next/static/media/21350d82a1f187e9-s.woff2'
rm 'ad-frontend/.next/static/media/8e9860b6e62d6359-s.woff2'
rm 'ad-frontend/.next/static/media/ba9851c3c22cd980-s.woff2'
rm 'ad-frontend/.next/static/media/c5fe6dc8356a8c31-s.woff2'
rm 'ad-frontend/.next/static/media/df0a9ae256c0569c-s.woff2'
rm 'ad-frontend/.next/static/media/e4af272ccee01ff0-s.p.woff2'
rm 'ad-frontend/.next/static/webpack/57c18d780942f93b.webpack.hot-update.json'
rm 'ad-frontend/.next/static/webpack/633457081244afec._.hot-update.json'
rm 'ad-frontend/.next/static/webpack/app/layout.57c18d780942f93b.hot-update.js'
rm 'ad-frontend/.next/static/webpack/e25bb71bd486038f.webpack.hot-update.json'
rm 'ad-frontend/.next/static/webpack/webpack.57c18d780942f93b.hot-update.js'
rm 'ad-frontend/.next/static/webpack/webpack.e25bb71bd486038f.hot-update.js'
rm 'ad-frontend/.next/trace'
rm 'ad-frontend/.next/types/app/demo/page.ts'
rm 'ad-frontend/.next/types/app/layout.ts'
rm 'ad-frontend/.next/types/app/page.ts'
rm 'ad-frontend/.next/types/package.json'
